[00:02:35] [Server thread/INFO]: _s3tz0 has made the advancement [Voluntary Exile]
[00:04:21] [Server thread/INFO]: _s3tz0 lost connection: Disconnected
[00:04:21] [Server thread/INFO]: _s3tz0 left the game
[00:05:21] [Server thread/INFO]: Server empty for 60 seconds, pausing
[00:09:33] [Server thread/INFO]: lilo229[/127.222.189.152:58259] logged in with entity id 127327 at (-510.9456642558943, 64.0, -70.58176883938484)
[00:09:33] [Server thread/INFO]: lilo229 joined the game
[01:08:46] [Server thread/INFO]: _s3tz0[/127.39.54.91:52767] logged in with entity id 138598 at (-510.6210266415537, 68.0, -72.66425903339281)
[01:08:46] [Server thread/INFO]: _s3tz0 joined the game
[01:08:50] [Server thread/INFO]: [Not Secure] <lilo229> HA
[01:08:53] [Server thread/INFO]: [Not Secure] <lilo229> UNA NEGRA
[01:08:58] [Server thread/INFO]: [Not Secure] <lilo229> *LE DA UN PALAZO
[01:08:58] [Server thread/INFO]: [Not Secure] <_s3tz0> tus nalgas
[01:09:42] [Server thread/INFO]: [Not Secure] <lilo229> oye veo menos vacas
[01:09:52] [Server thread/INFO]: [Not Secure] <_s3tz0> yo no he matado
[01:09:56] [Server thread/INFO]: [Not Secure] <lilo229> verga
[01:10:01] [Server thread/INFO]: [Not Secure] <lilo229> mira
[01:10:03] [Server thread/INFO]: [Not Secure] <_s3tz0> no se reprocuden
[01:10:10] [Server thread/WARN]: lilo229 moved too quickly! -1.9459230762959692,-0.6815583980583142,9.889118144706172
[01:10:14] [Server thread/INFO]: [Not Secure] <lilo229> si quieres comida
[01:10:24] [Server thread/INFO]: [Not Secure] <lilo229> este señor vende zanahorias de oro
[01:10:28] [Server thread/INFO]: [Not Secure] <lilo229> el mejor alimento
[01:10:37] [Server thread/INFO]: [Not Secure] <_s3tz0> okeis
[01:11:45] [Server thread/INFO]: [Not Secure] <lilo229> te amo
[01:11:47] [Server thread/INFO]: [Not Secure] <_s3tz0> muak
[01:11:57] [Server thread/INFO]: [Not Secure] <lilo229> necsito un herrero de armaduras
[01:12:01] [Server thread/INFO]: [Not Secure] <lilo229> voy a robar gtente
[01:13:59] [Server thread/INFO]: [Not Secure] <_s3tz0> MEDUELELAESPALDAAAAAAAAAAAAAAAAA
[01:15:28] [Server thread/INFO]: [Not Secure] <lilo229> falta de sexo
[01:15:38] [Server thread/INFO]: [Not Secure] <_s3tz0> me doleria mas
[01:15:46] [Server thread/INFO]: [Not Secure] <lilo229> entonces exeso
[01:15:47] [Server thread/INFO]: [Not Secure] <lilo229> XD
